2018-03-01 13:26:32.840071 UTC | [experiment_2018_03_01_13_26_30_0001] Populating workers...
2018-03-01 13:26:35.006091 UTC | [experiment_2018_03_01_13_26_30_0001] Populated
2018-03-01 13:26:36.970256 UTC | [experiment_2018_03_01_13_26_30_0001] epoch #0 | Training started
2018-03-01 13:26:37.182660 UTC | [experiment_2018_03_01_13_26_30_0001] epoch #0 | Training finished
2018-03-01 13:26:37.182891 UTC | [experiment_2018_03_01_13_26_30_0001] epoch #1 | Training started
2018-03-01 13:26:37.398954 UTC | [experiment_2018_03_01_13_26_30_0001] epoch #1 | Training finished
2018-03-01 13:26:37.399172 UTC | [experiment_2018_03_01_13_26_30_0001] epoch #2 | Training started
2018-03-01 13:26:37.612652 UTC | [experiment_2018_03_01_13_26_30_0001] epoch #2 | Training finished
2018-03-01 13:26:37.612859 UTC | [experiment_2018_03_01_13_26_30_0001] epoch #3 | Training started
2018-03-01 13:26:37.828977 UTC | [experiment_2018_03_01_13_26_30_0001] epoch #3 | Training finished
2018-03-01 13:26:37.829220 UTC | [experiment_2018_03_01_13_26_30_0001] epoch #4 | Training started
2018-03-01 13:26:38.045973 UTC | [experiment_2018_03_01_13_26_30_0001] epoch #4 | Training finished
2018-03-01 13:26:38.046189 UTC | [experiment_2018_03_01_13_26_30_0001] epoch #5 | Training started
2018-03-01 13:26:38.260978 UTC | [experiment_2018_03_01_13_26_30_0001] epoch #5 | Training finished
2018-03-01 13:26:38.261209 UTC | [experiment_2018_03_01_13_26_30_0001] epoch #6 | Training started
2018-03-01 13:26:38.473297 UTC | [experiment_2018_03_01_13_26_30_0001] epoch #6 | Training finished
2018-03-01 13:26:38.473504 UTC | [experiment_2018_03_01_13_26_30_0001] epoch #7 | Training started
2018-03-01 13:26:38.687932 UTC | [experiment_2018_03_01_13_26_30_0001] epoch #7 | Training finished
2018-03-01 13:26:38.688144 UTC | [experiment_2018_03_01_13_26_30_0001] epoch #8 | Training started
2018-03-01 13:26:38.907786 UTC | [experiment_2018_03_01_13_26_30_0001] epoch #8 | Training finished
2018-03-01 13:26:38.908012 UTC | [experiment_2018_03_01_13_26_30_0001] epoch #9 | Training started
2018-03-01 13:26:39.123304 UTC | [experiment_2018_03_01_13_26_30_0001] epoch #9 | Training finished
2018-03-01 13:26:39.123512 UTC | [experiment_2018_03_01_13_26_30_0001] epoch #10 | Training started
2018-03-01 13:27:15.094002 UTC | [experiment_2018_03_01_13_26_30_0001] epoch #10 | Training finished
2018-03-01 13:27:15.094212 UTC | [experiment_2018_03_01_13_26_30_0001] epoch #10 | Collecting samples for evaluation
2018-03-01 13:27:17.050581 UTC | -----------------------  ------------
2018-03-01 13:27:17.050883 UTC | Epoch                    10
2018-03-01 13:27:17.050997 UTC | AverageReturn             0
2018-03-01 13:27:17.051087 UTC | StdReturn                 0
2018-03-01 13:27:17.051166 UTC | MaxReturn                 0
2018-03-01 13:27:17.051242 UTC | MinReturn                 0
2018-03-01 13:27:17.051318 UTC | AverageEsReturn           0
2018-03-01 13:27:17.051402 UTC | StdEsReturn               0
2018-03-01 13:27:17.051483 UTC | MaxEsReturn               0
2018-03-01 13:27:17.051558 UTC | MinEsReturn               0
2018-03-01 13:27:17.051636 UTC | AverageDiscountedReturn   0
2018-03-01 13:27:17.051717 UTC | AverageQLoss              2.85602e-05
2018-03-01 13:27:17.051798 UTC | AveragePolicySurr         0.0401716
2018-03-01 13:27:17.051906 UTC | AverageQ                 -0.0404563
2018-03-01 13:27:17.052000 UTC | AverageAbsQ               0.0405436
2018-03-01 13:27:17.052078 UTC | AverageY                 -0.0404698
2018-03-01 13:27:17.052151 UTC | AverageAbsY               0.0404698
2018-03-01 13:27:17.052226 UTC | AverageAbsQYDiff          0.000936726
2018-03-01 13:27:17.052302 UTC | AverageAction             0.997718
2018-03-01 13:27:17.052454 UTC | PolicyRegParamNorm       26.4561
2018-03-01 13:27:17.052545 UTC | QFunRegParamNorm          7.99344
2018-03-01 13:27:17.052634 UTC | AverageForwardProgress    0
2018-03-01 13:27:17.052726 UTC | MaxForwardProgress        0
2018-03-01 13:27:17.052809 UTC | MinForwardProgress        0
2018-03-01 13:27:17.052906 UTC | StdForwardProgress        0
2018-03-01 13:27:17.052988 UTC | -----------------------  ------------
2018-03-01 13:27:17.053447 UTC | [experiment_2018_03_01_13_26_30_0001] epoch #11 | Training started
2018-03-01 13:27:53.709209 UTC | [experiment_2018_03_01_13_26_30_0001] epoch #11 | Training finished
2018-03-01 13:27:53.709412 UTC | [experiment_2018_03_01_13_26_30_0001] epoch #11 | Collecting samples for evaluation
